<?xml version="1.0" encoding="UTF-8"?>
<testsuite xmlns:xsi="http://www.w3.org/2001/XMLSchema-instance" xsi:noNamespaceSchemaLocation="https://maven.apache.org/surefire/maven-surefire-plugin/xsd/surefire-test-report-3.0.xsd" version="3.0" name="MainTest" time="42.241" tests="3" errors="0" skipped="0" failures="0">
  <properties>
[...]
</properties>
  <testcase name="searchForPicKitTest" classname="MainTest" time="8.676"/>
  <testcase name="programICTest" classname="MainTest" time="24.497">
    <system-out><![CDATA[0 : DFP Version Used : PIC32MM-GPL-0XX_DFP,1.3.57,Microchip
0 : Selected Programming Tool Sno: 
0 : 020026702RYN030900
0 : *****************************************************
0 : 
0 : Connecting to MPLAB PICkit 5
0 : Currently loaded versions:
0 : Application version...........02.01.60
0 : Boot version..................00.00.10
0 : PCB version...................2
0 : Script version................00.07.19
0 : Script build number...........343401fe73
0 : Tool pack version ............2.4.366
0 : Target voltage detected
0 : Target device PIC32MM0064GPL036 found.
0 : Device Revision Id  = 0xB3
0 : Device Id = 0x6b16053
0 : *****************************************************
0 : Calculating memory ranges for operation...
0 : Erasing...
0 : The following memory area(s) will be programmed:
0 : program memory: start address = 0x1d000000, end address = 0x1d0057ff
0 : configuration memory
0 : boot config memory
0 : Programming/Verify complete
0 :  Program Report
0 : 2025-01-08, 16:02:10
0 : Device Type:PIC32MM0064GPL036
0 : Program Succeeded.
0 : Operation Succeeded
]]></system-out>
  </testcase>
  <testcase name="programICFailedTest" classname="MainTest" time="9.022">
    <system-out><![CDATA[0 : DFP Version Used : PIC32MM-GPL-0XX_DFP,1.3.57,Microchip
0 : Invalid Serial No.
]]></system-out>
  </testcase>
</testsuite>